Initializing NUTS using jitter+adapt_diag...
Multiprocess sampling (4 chains in 4 jobs)
NUTS: [Omega, X_latent, w_in_1, w_1_2, w_2_out, bias_1, bias_2, bias_out, er]
6147.216185958254 4.159799683880455 -0.07536356736242884 4.770491973434535 1.2075066413662239 1.5825891840607211
704.7574323340231 0.22772090060576824 0.21067821124083594 11.074047997501118 0.2785606684530734 0.523146732255257
NN test with 30 nodes per layer in 2 layers. TA 0.99. 1.5Tuning.
(On good MS)
point={'Omega_cholesky-cov-packed__': array([0., 0., 0., 0., 0., 0., 0., 0., 0., 0.]), 'X_latent': array([[0., 0., 0., 0.],
       [0., 0., 0., 0.],
       [0., 0., 0., 0.],
       ...,
       [0., 0., 0., 0.],
       [0., 0., 0., 0.],
       [0., 0., 0., 0.]]), 'w_in_1': array([[0., 0., 0., 0.],
       [0., 0., 0., 0.],
       [0., 0., 0., 0.],
       [0., 0., 0., 0.],
       [0., 0., 0., 0.],
       [0., 0., 0., 0.],
       [0., 0., 0., 0.],
       [0., 0., 0., 0.],
       [0., 0., 0., 0.],
       [0., 0., 0., 0.],
       [0., 0., 0., 0.],
       [0., 0., 0., 0.],
       [0., 0., 0., 0.],
       [0., 0., 0., 0.],
       [0., 0., 0., 0.],
       [0., 0., 0., 0.],
       [0., 0., 0., 0.],
       [0., 0., 0., 0.],
       [0., 0., 0., 0.],
       [0., 0., 0., 0.],
       [0., 0., 0., 0.],
       [0., 0., 0., 0.],
       [0., 0., 0., 0.],
       [0., 0., 0., 0.],
       [0., 0., 0., 0.],
       [0., 0., 0., 0.],
       [0., 0., 0., 0.],
       [0., 0., 0., 0.],
       [0., 0., 0., 0.],
       [0., 0., 0., 0.]]), 'w_1_2': array([[0., 0., 0., 0., 0., 0., 0., 0., 0., 0., 0., 0., 0., 0., 0., 0.,
        0., 0., 0., 0., 0., 0., 0., 0., 0., 0., 0., 0., 0., 0.],
       [0., 0., 0., 0., 0., 0., 0., 0., 0., 0., 0., 0., 0., 0., 0., 0.,
        0., 0., 0., 0., 0., 0., 0., 0., 0., 0., 0., 0., 0., 0.],
       [0., 0., 0., 0., 0., 0., 0., 0., 0., 0., 0., 0., 0., 0., 0., 0.,
        0., 0., 0., 0., 0., 0., 0., 0., 0., 0., 0., 0., 0., 0.],
       [0., 0., 0., 0., 0., 0., 0., 0., 0., 0., 0., 0., 0., 0., 0., 0.,
        0., 0., 0., 0., 0., 0., 0., 0., 0., 0., 0., 0., 0., 0.],
       [0., 0., 0., 0., 0., 0., 0., 0., 0., 0., 0., 0., 0., 0., 0., 0.,
        0., 0., 0., 0., 0., 0., 0., 0., 0., 0., 0., 0., 0., 0.],
       [0., 0., 0., 0., 0., 0., 0., 0., 0., 0., 0., 0., 0., 0., 0., 0.,
        0., 0., 0., 0., 0., 0., 0., 0., 0., 0., 0., 0., 0., 0.],
       [0., 0., 0., 0., 0., 0., 0., 0., 0., 0., 0., 0., 0., 0., 0., 0.,
        0., 0., 0., 0., 0., 0., 0., 0., 0., 0., 0., 0., 0., 0.],
       [0., 0., 0., 0., 0., 0., 0., 0., 0., 0., 0., 0., 0., 0., 0., 0.,
        0., 0., 0., 0., 0., 0., 0., 0., 0., 0., 0., 0., 0., 0.],
       [0., 0., 0., 0., 0., 0., 0., 0., 0., 0., 0., 0., 0., 0., 0., 0.,
        0., 0., 0., 0., 0., 0., 0., 0., 0., 0., 0., 0., 0., 0.],
       [0., 0., 0., 0., 0., 0., 0., 0., 0., 0., 0., 0., 0., 0., 0., 0.,
        0., 0., 0., 0., 0., 0., 0., 0., 0., 0., 0., 0., 0., 0.],
       [0., 0., 0., 0., 0., 0., 0., 0., 0., 0., 0., 0., 0., 0., 0., 0.,
        0., 0., 0., 0., 0., 0., 0., 0., 0., 0., 0., 0., 0., 0.],
       [0., 0., 0., 0., 0., 0., 0., 0., 0., 0., 0., 0., 0., 0., 0., 0.,
        0., 0., 0., 0., 0., 0., 0., 0., 0., 0., 0., 0., 0., 0.],
       [0., 0., 0., 0., 0., 0., 0., 0., 0., 0., 0., 0., 0., 0., 0., 0.,
        0., 0., 0., 0., 0., 0., 0., 0., 0., 0., 0., 0., 0., 0.],
       [0., 0., 0., 0., 0., 0., 0., 0., 0., 0., 0., 0., 0., 0., 0., 0.,
        0., 0., 0., 0., 0., 0., 0., 0., 0., 0., 0., 0., 0., 0.],
       [0., 0., 0., 0., 0., 0., 0., 0., 0., 0., 0., 0., 0., 0., 0., 0.,
        0., 0., 0., 0., 0., 0., 0., 0., 0., 0., 0., 0., 0., 0.],
       [0., 0., 0., 0., 0., 0., 0., 0., 0., 0., 0., 0., 0., 0., 0., 0.,
        0., 0., 0., 0., 0., 0., 0., 0., 0., 0., 0., 0., 0., 0.],
       [0., 0., 0., 0., 0., 0., 0., 0., 0., 0., 0., 0., 0., 0., 0., 0.,
        0., 0., 0., 0., 0., 0., 0., 0., 0., 0., 0., 0., 0., 0.],
       [0., 0., 0., 0., 0., 0., 0., 0., 0., 0., 0., 0., 0., 0., 0., 0.,
        0., 0., 0., 0., 0., 0., 0., 0., 0., 0., 0., 0., 0., 0.],
       [0., 0., 0., 0., 0., 0., 0., 0., 0., 0., 0., 0., 0., 0., 0., 0.,
        0., 0., 0., 0., 0., 0., 0., 0., 0., 0., 0., 0., 0., 0.],
       [0., 0., 0., 0., 0., 0., 0., 0., 0., 0., 0., 0., 0., 0., 0., 0.,
        0., 0., 0., 0., 0., 0., 0., 0., 0., 0., 0., 0., 0., 0.],
       [0., 0., 0., 0., 0., 0., 0., 0., 0., 0., 0., 0., 0., 0., 0., 0.,
        0., 0., 0., 0., 0., 0., 0., 0., 0., 0., 0., 0., 0., 0.],
       [0., 0., 0., 0., 0., 0., 0., 0., 0., 0., 0., 0., 0., 0., 0., 0.,
        0., 0., 0., 0., 0., 0., 0., 0., 0., 0., 0., 0., 0., 0.],
       [0., 0., 0., 0., 0., 0., 0., 0., 0., 0., 0., 0., 0., 0., 0., 0.,
        0., 0., 0., 0., 0., 0., 0., 0., 0., 0., 0., 0., 0., 0.],
       [0., 0., 0., 0., 0., 0., 0., 0., 0., 0., 0., 0., 0., 0., 0., 0.,
        0., 0., 0., 0., 0., 0., 0., 0., 0., 0., 0., 0., 0., 0.],
       [0., 0., 0., 0., 0., 0., 0., 0., 0., 0., 0., 0., 0., 0., 0., 0.,
        0., 0., 0., 0., 0., 0., 0., 0., 0., 0., 0., 0., 0., 0.],
       [0., 0., 0., 0., 0., 0., 0., 0., 0., 0., 0., 0., 0., 0., 0., 0.,
        0., 0., 0., 0., 0., 0., 0., 0., 0., 0., 0., 0., 0., 0.],
       [0., 0., 0., 0., 0., 0., 0., 0., 0., 0., 0., 0., 0., 0., 0., 0.,
        0., 0., 0., 0., 0., 0., 0., 0., 0., 0., 0., 0., 0., 0.],
       [0., 0., 0., 0., 0., 0., 0., 0., 0., 0., 0., 0., 0., 0., 0., 0.,
        0., 0., 0., 0., 0., 0., 0., 0., 0., 0., 0., 0., 0., 0.],
       [0., 0., 0., 0., 0., 0., 0., 0., 0., 0., 0., 0., 0., 0., 0., 0.,
        0., 0., 0., 0., 0., 0., 0., 0., 0., 0., 0., 0., 0., 0.],
       [0., 0., 0., 0., 0., 0., 0., 0., 0., 0., 0., 0., 0., 0., 0., 0.,
        0., 0., 0., 0., 0., 0., 0., 0., 0., 0., 0., 0., 0., 0.]]), 'w_2_out': array([0., 0., 0., 0., 0., 0., 0., 0., 0., 0., 0., 0., 0., 0., 0., 0., 0.,
       0., 0., 0., 0., 0., 0., 0., 0., 0., 0., 0., 0., 0.]), 'bias_1': array([0., 0., 0., 0., 0., 0., 0., 0., 0., 0., 0., 0., 0., 0., 0., 0., 0.,
       0., 0., 0., 0., 0., 0., 0., 0., 0., 0., 0., 0., 0.]), 'bias_2': array([0., 0., 0., 0., 0., 0., 0., 0., 0., 0., 0., 0., 0., 0., 0., 0., 0.,
       0., 0., 0., 0., 0., 0., 0., 0., 0., 0., 0., 0., 0.]), 'bias_out': array(0.), 'er_log__': array(0.)}

No problems found
target_accept= 0.99
6147.216185958254 4.159799683880455 -0.07536356736242884 4.770491973434535 1.2075066413662239 1.5825891840607211
704.7574323340231 0.22772090060576824 0.21067821124083594 11.074047997501118 0.2785606684530734 0.523146732255257
6147.216185958254 4.159799683880455 -0.07536356736242884 4.770491973434535 1.2075066413662239 1.5825891840607211
704.7574323340231 0.22772090060576824 0.21067821124083594 11.074047997501118 0.2785606684530734 0.523146732255257
6147.216185958254 4.159799683880455 -0.07536356736242884 4.770491973434535 1.2075066413662239 1.5825891840607211
704.7574323340231 0.22772090060576824 0.21067821124083594 11.074047997501118 0.2785606684530734 0.523146732255257
6147.216185958254 4.159799683880455 -0.07536356736242884 4.770491973434535 1.2075066413662239 1.5825891840607211
704.7574323340231 0.22772090060576824 0.21067821124083594 11.074047997501118 0.2785606684530734 0.523146732255257
                                                                                                                        
  Progress                         Draws   Divergences   Step size   Grad evals   Sampling Speed   Elapsed   Remaining  
 ────────────────────────────────────────────────────────────────────────────────────────────────────────────────────── 
  ━━━━━━━━━━━━━━━━━━━━━━━━━━━━━━   5000    0             0.00        4095         5.45 s/draws     7:34:08   0:00:00    
  ━━━━━━━━━━━━━━━━━━━━━━━━━━━━━━   5000    0             0.00        4095         5.53 s/draws     7:40:28   0:00:00    
  ━━━━━━━━━━━━━━━━━━━━━━━━━━━━━━   5000    0             0.00        4095         5.49 s/draws     7:37:10   0:00:00    
  ━━━━━━━━━━━━━━━━━━━━━━━━━━━━━━   5000    0             0.00        4095         5.53 s/draws     7:40:51   0:00:00    
                                                                                                                        
Sampling 4 chains for 3_000 tune and 2_000 draw iterations (12_000 + 8_000 draws total) took 27667 seconds.
/Users/user1/miniforge3/envs/bhs_env/lib/python3.11/site-packages/arviz/stats/diagnostics.py:596: RuntimeWarning: invalid value encountered in scalar divide
  (between_chain_variance / within_chain_variance + num_samples - 1) / (num_samples)
/Users/user1/miniforge3/envs/bhs_env/lib/python3.11/site-packages/arviz/stats/diagnostics.py:991: RuntimeWarning: invalid value encountered in scalar divide
  varsd = varvar / evar / 4
AZ Stats for ESS Bulk < 400:
 Empty DataFrame
Columns: [mean, sd, hdi_3%, hdi_97%, mcse_mean, mcse_sd, ess_bulk, ess_tail, r_hat]
Index: []
Computing ... ━━━━━━━━━━━━━━━━━━━━━━━━━━━━━━━━━━━━━━━━ 100% 0:00:00
/Users/user1/miniforge3/envs/bhs_env/lib/python3.11/site-packages/arviz/stats/diagnostics.py:596: RuntimeWarning: invalid value encountered in scalar divide
  (between_chain_variance / within_chain_variance + num_samples - 1) / (num_samples)
/Users/user1/miniforge3/envs/bhs_env/lib/python3.11/site-packages/arviz/stats/stats.py:797: UserWarning: Estimated shape parameter of Pareto distribution is greater than 0.70 for one or more samples. You should consider using a more robust model, this is because importance sampling is less likely to work well if the marginal posterior and LOO posterior are very different. This is more likely to happen with a non-robust model and highly influential observations.
  warnings.warn(
/Users/user1/miniforge3/envs/bhs_env/lib/python3.11/site-packages/arviz/stats/stats.py:797: UserWarning: Estimated shape parameter of Pareto distribution is greater than 0.70 for one or more samples. You should consider using a more robust model, this is because importance sampling is less likely to work well if the marginal posterior and LOO posterior are very different. This is more likely to happen with a non-robust model and highly influential observations.
  warnings.warn(
rhats:  [('X_latent', 1.0035465151926066), ('w_in_1', 1.0056419568156976), ('w_1_2', 1.0031748553453446), ('w_2_out', 1.005593128983598), ('bias_1', 1.0015640365125262), ('bias_2', 1.0022915281552065), ('bias_out', 1.0012684980561486), ('Omega', 1.0011269868499635), ('er', 1.0002409872503737), ('Omega_corr', 1.0007061206306391), ('Omega_stds', 1.000351027772893), ('ann_input', 1.0035465151926066), ('act_1', 1.004737176253083), ('act_2', 1.0043002986894172), ('act_out', 1.0031289094334646)]
loo trace:  Computed from 8000 posterior samples and 527 observations log-likelihood matrix.

         Estimate       SE
elpd_loo  -109.81    28.59
p_loo      152.67        -

There has been a warning during the calculation. Please check the results.
------

Pareto k diagnostic values:
                         Count   Pct.
(-Inf, 0.70]   (good)      526   99.8%
   (0.70, 1]   (bad)         1    0.2%
   (1, Inf)   (very bad)    0    0.0%

starting parallel prediction on 32 worker(s)…
6147.216185958254 4.159799683880455 -0.07536356736242884 4.770491973434535 1.2075066413662239 1.5825891840607211
704.7574323340231 0.22772090060576824 0.21067821124083594 11.074047997501118 0.2785606684530734 0.523146732255257
6147.216185958254 4.159799683880455 -0.07536356736242884 4.770491973434535 1.2075066413662239 1.5825891840607211
704.7574323340231 0.22772090060576824 0.21067821124083594 11.074047997501118 0.2785606684530734 0.523146732255257
6147.216185958254 4.159799683880455 -0.07536356736242884 4.770491973434535 1.2075066413662239 1.5825891840607211
704.7574323340231 0.22772090060576824 0.21067821124083594 11.074047997501118 0.2785606684530734 0.523146732255257
6147.216185958254 4.159799683880455 -0.07536356736242884 4.770491973434535 1.2075066413662239 1.5825891840607211
704.7574323340231 0.22772090060576824 0.21067821124083594 11.074047997501118 0.2785606684530734 0.523146732255257
finished chain 1/4
finished chain 3/4
finished chain 2/4
finished chain 4/4
stdvs:  [0.03988302 0.02598355 0.08540767 0.03126663 0.03708741 0.04271847
 0.04750252 0.0496534  0.03229586 0.04348547 0.03862008 0.04004134
 0.04747768 0.03737247 0.04333368 0.04825334 0.04211086 0.05755474
 0.05352171 0.05149557 0.04284955 0.04780413 0.04382563 0.04473497
 0.03825358 0.0411685  0.02057134 0.05803415 0.04364644 0.04213247
 0.02714683 0.03763564 0.05398036 0.04199535 0.04506983 0.08193823
 0.03700047 0.05372453 0.04183518 0.0379716  0.04046305 0.04062971
 0.03809956 0.03523105 0.03673412 0.04297579 0.03170354 0.02760399
 0.05656102 0.04129606 0.0388268  0.0404283  0.01354746 0.0660197
 0.03393811 0.06043486 0.04586832 0.04080764 0.01969751 0.05565623
 0.06421047 0.01397497 0.04862836 0.03974473 0.0448394  0.05527091
 0.04583608 0.04150983 0.02898546 0.00952309 0.05265854 0.03804134
 0.03723818 0.05218846 0.03987136 0.04199831 0.03772877 0.0155063
 0.04220152 0.01953544 0.05118911 0.05335833 0.05204219 0.05015
 0.03721133 0.04631113 0.05864341 0.02884179 0.04084786 0.05071988
 0.04362443 0.03811945 0.03724893 0.04053628 0.02454884 0.04175897
 0.0320412  0.04110913 0.04044249 0.04112327 0.04792099 0.03707961
 0.03897509 0.05108504 0.0451351  0.03959519 0.05353279 0.04398154
 0.04118842 0.04479723 0.03723459 0.03858603 0.04222878 0.03874608
 0.04665669 0.04504463 0.04018695 0.04230372 0.03988503 0.04228812
 0.05621596 0.02066224 0.05165698 0.04167231 0.02787286 0.04478832
 0.04514778 0.03301904 0.04149925 0.05226733 0.04742435 0.0250727 ]
means:  [1.18648063 1.33334469 1.32049052 1.14308633 1.09057742 1.29350257
 1.22992641 1.30851346 1.12266332 1.19029796 0.38593129 1.20609182
 1.31980287 1.04397528 1.44677939 1.46852031 1.19332408 1.46330804
 1.26597511 1.29483261 1.22852315 1.29582764 1.37942896 1.43297198
 1.15629004 1.02710479 1.05966463 1.35728365 1.11935608 1.38302313
 1.06925156 1.15899667 0.9099444  1.38075145 1.20467643 2.13413092
 1.26238625 1.05167379 1.30435974 0.97191072 1.78672069 1.27520702
 1.23694486 1.18200275 1.09695997 1.17518874 1.14359871 1.03734431
 1.42663605 0.99599699 1.12235546 1.19224125 1.33031968 1.212986
 1.05833499 1.23111778 1.34248036 1.35734524 1.08939225 1.76154438
 2.34610468 1.20618788 1.15054175 1.20435644 1.24051719 1.62075433
 0.9136033  1.28117353 0.95409923 1.29374034 0.90768971 1.14662908
 1.2516501  1.01581742 1.25021117 1.29388099 1.04567029 1.3885438
 1.17923131 0.66379411 1.02620641 1.12714661 1.28259527 1.15008307
 1.22041655 1.45365584 1.3178432  1.23770953 1.18959245 1.17837963
 0.40498006 1.12611851 1.10213851 1.22961019 0.93467717 1.3711105
 1.29872528 1.02417983 1.36434059 1.18079316 1.23243783 1.28641187
 1.12849805 1.4920038  0.409361   1.24915346 1.03953063 1.12490378
 1.16933157 1.17657877 1.0713017  1.20419016 1.27398448 1.34110877
 1.09031338 0.99554178 1.16886562 1.35699641 1.21875065 1.87037824
 0.87356903 0.82979792 1.17359654 0.35031386 0.88632375 1.44647748
 1.32198682 1.11393071 1.20073544 0.79850627 1.19534397 0.64812717]
test set:  415    1.1630
643    1.3900
284    1.2510
375    1.1590
312    1.0750
        ...  
524    0.4990
395    1.1780
153    0.9512
316    1.1970
156    0.7070
Name: M, Length: 132, dtype: float64
MAE:  0.06626761480162958
MARD 6.337114549201509
MRD -0.8218251775824463
[ Top 5 memory changes ]
/Users/user1/miniforge3/envs/bhs_env/lib/python3.11/site-packages/pytensor/link/c/cmodule.py:871: size=28.4 MiB (+28.4 MiB), count=388083 (+388083), average=77 B
<frozen importlib._bootstrap_external>:729: size=7833 KiB (+7833 KiB), count=64338 (+64338), average=125 B
<frozen abc>:123: size=5482 KiB (+5482 KiB), count=54905 (+54905), average=102 B
/Users/user1/miniforge3/envs/bhs_env/lib/python3.11/linecache.py:137: size=5117 KiB (+5117 KiB), count=52177 (+52177), average=100 B
/Users/user1/miniforge3/envs/bhs_env/lib/python3.11/site-packages/pytensor/graph/utils.py:283: size=1750 KiB (+1750 KiB), count=27994 (+27994), average=64 B
Peak Memory: 2499.78 MB
Training time: 1457.62577 s
