Initializing NUTS using jitter+adapt_diag...
Multiprocess sampling (4 chains in 4 jobs)
NUTS: [log_ls, eta, u_rotated_μ, log_ls_v, eta_var, alpha_log_var, u_rotated_log_var_f]
4550.965835872139 2.3412405090765587 -0.14474376479873718 128.18471497040252 1.3162678768745066 16.188460635359117
298.7010846319005 0.5906408287729136 0.3236902484356204 204.00759679051708 0.3850216396634698 13.445739291321132
First go at some RGB stuff - mass
::::::::::::::::::::::::::::::::::::::
><><><><><><><><><><><><><><><><><><><><><><><><><><
bigGPrun - mass - RGB stars. 50, 20, 1000, target_accept=0.99. 20TD still.
mean IPs: 
 [[-3.12521006e+00 -2.50328192e+00 -7.77056537e+00 -6.02110347e-01]
 [-4.24479366e-01 -5.86037868e-01 -5.66230630e-01 -6.92642619e-02]
 [ 7.44608970e-01  5.71521594e-01 -2.94219896e-01 -4.45601646e-01]
 [ 1.67850223e+00  6.55567806e-02 -3.84589340e+00 -2.75183432e-01]
 [ 3.31153704e-01  4.58680048e-01  3.06487896e-01 -4.44263328e-01]
 [-2.09519637e+00 -1.99965791e+00  2.61092891e-01  2.55506928e+00]
 [-1.88515763e+00 -1.27768779e+00  1.15501216e+00  2.70041628e-01]
 [ 1.02408873e+00  1.24738385e+00  4.51361873e-01 -5.48359119e-01]
 [-1.37604907e+00 -1.51890142e+00  3.28586692e-02  1.61593562e+00]
 [ 3.72032012e-01  1.05245295e+00  1.35975100e+00 -5.44345406e-01]
 [ 5.75641774e-01 -6.40394921e-01 -2.76162085e+00  4.33312871e-02]
 [ 1.11877187e+00  1.08377173e+00 -2.28779642e-01 -5.30965557e-01]
 [-3.76990517e-01 -3.72766153e-01  6.40091339e-02 -1.53811868e-01]
 [ 1.17190519e-01 -2.30154647e-01 -9.48922799e-01 -1.95929053e-01]
 [-1.23719843e+00 -7.84078909e-01  1.01150000e+00  2.13764041e-02]
 [ 1.59197763e+00  1.20701407e+00 -1.63388063e+00 -5.03880903e-01]
 [-9.75702188e-01 -1.33063607e+00 -9.95950877e-01  6.46622581e-01]
 [-1.68612480e+00 -2.01560790e+00 -8.67074634e-01  2.77990288e+00]
 [-8.04485856e-01 -9.76575758e-01 -3.24718879e-01  2.84389740e-01]
 [-1.47560349e+00 -1.26960068e+00  5.53797488e-01  6.50593106e-01]
 [ 6.55191690e-01  1.99224998e-01 -1.60193768e+00 -3.77984072e-01]
 [-2.12809375e-01  3.80766169e-02  7.32448881e-01 -3.29360487e-01]
 [ 8.35010049e-01  1.27872105e+00  9.70547765e-01 -5.54102032e-01]
 [-4.19210479e-01 -1.99439862e+00 -3.84555042e+00  4.62677268e+00]
 [-2.33638629e+00 -1.82204381e+00  9.93967380e-01  1.04523780e+00]
 [ 7.66088141e-01 -1.18690408e+00 -5.35282802e+00  1.15193081e+00]
 [ 7.70242139e-01  8.55597540e-01  2.48471294e-01 -5.01208907e-01]
 [ 3.78289520e-01  3.12344557e-01 -4.94885807e-01 -4.18116271e-01]
 [-6.51165946e-01 -4.08995295e-01  5.81691096e-01 -1.51770864e-01]
 [ 2.39198116e-01  4.72416327e-01  6.93515872e-01 -4.41036521e-01]
 [-3.19359622e-01 -8.48389898e-01 -1.24745304e+00  1.02653833e-01]
 [ 5.96678966e-02  1.04900835e-01  3.12124915e-01 -3.43744433e-01]
 [ 1.47831785e+00  1.41125542e+00  1.43180119e-01 -5.48296628e-01]
 [-1.42619523e+00 -1.44280345e+00 -2.43646892e-01  5.82946782e-01]
 [ 1.95527254e+00  4.02045600e-01 -5.48156341e+00 -2.94187132e-01]
 [ 6.80894882e-01  3.01499184e-01 -8.60358835e-01 -3.93237141e-01]
 [ 5.54252922e-01  8.60166113e-01  7.28414287e-01 -5.09143362e-01]
 [ 7.47580223e-02 -1.26469741e-01 -2.69479594e-01 -2.50839698e-01]
 [ 1.72296229e+00 -8.52384168e-04 -2.41781144e+00 -2.00018660e-01]
 [ 9.19800892e-02  5.69140171e-01  1.05519449e+00 -4.81286722e-01]
 [-8.65924625e-01 -8.51416073e-01  3.37601355e-01  1.69426748e-01]
 [-4.34954656e-01 -1.44180508e+00 -2.55989683e+00  9.42512920e-01]
 [-1.51027006e+00 -1.85258361e+00 -9.76487715e-01  1.44235870e+00]
 [-1.96204978e+00 -2.15201276e+00 -2.57352141e-01  4.85072296e+00]
 [-1.89761440e+00 -1.83758144e+00  3.69523071e-02  1.13978674e+00]
 [ 1.53465777e+00  1.33122971e+00 -5.82840984e-01 -5.46668829e-01]
 [ 4.39009011e-01  3.37379136e-01 -3.63620884e-02 -4.01514470e-01]
 [-1.56632876e-01  4.92748600e-01  1.45552208e+00 -4.65320035e-01]
 [-6.52335011e-01 -9.76118895e-02  1.23858156e+00 -3.23050208e-01]
 [ 3.80326586e-01 -2.68369988e-01  3.29355110e-01  2.61969160e-01]
 [ 1.02842275e+00  9.03553232e-01 -8.85830133e-01 -5.20101878e-01]
 [ 4.17485650e+00  3.72774685e+00  2.05518630e+00  1.46234272e+01]]
var IPs: 
 [[-3.12521006 -2.50328192  0.10246364  0.00507923]
 [ 0.16051867  0.52765849  0.14994815  0.00745888]
 [-1.25430568 -1.48620845  0.12944704  0.01893792]
 [ 1.44283872  1.30243553  0.17947756  0.01332167]
 [ 0.02959528 -0.39997321  0.15033599  0.0191158 ]
 [-0.51068452 -0.92890174  0.14080168  0.01614781]
 [-1.80429008 -2.00611311  0.12292062  0.02355359]
 [ 0.99114286  0.79126217  0.16760019  0.01448635]
 [ 0.58082412  0.38027835  0.15998777  0.01136196]
 [ 0.23206027  0.08051424  0.15157421  0.0109465 ]
 [ 1.15259874 -0.41497131  0.19818704  0.08289685]
 [-0.25821108  0.06644377  0.14321921  0.01112797]
 [-1.74952892 -1.47479009  0.12106036  0.01870147]
 [ 0.93984475  1.26571519  0.16852388  0.01164323]
 [-0.6209915  -0.38985584  0.13783539  0.01379546]
 [ 2.72562888  1.67216408  0.37864247  0.20981919]
 [ 1.98815713  0.30657996  0.2374632   0.1719373 ]
 [-2.39739809 -2.15238704  0.1128883   0.0240761 ]
 [-0.20467382 -1.8502827   0.16144348  0.02280912]
 [ 0.50002777  0.95400497  0.15819799  0.00809321]
 [-1.0959839  -0.92451878  0.13383759  0.01584236]
 [ 4.1748565   3.72774685  1.36424011  1.26642109]]
target_accept= 0.99
