Initializing NUTS using jitter+adapt_diag...
Multiprocess sampling (4 chains in 4 jobs)
NUTS: [log_ls, eta, u_rotated_μ, log_ls_v, eta_var, alpha_log_var, u_rotated_log_var_f]
6049.532828467154 4.194815571906934 -0.07372627737226277 4.570844713503649 1.1729082481751822 1.5180168065693431
883.6479172901575 0.26062665391530143 0.206572663121033 11.125493190961159 0.32731139416942934 0.5535885051225802
bigGPrun - mass - 50_20_1000_4 with 20TD, 0.99TA and hopefully improved priors.
(On good MS)
mean IPs: 
 [[-3.53368436e+00 -2.45491228e+00 -4.09673628e+00 -4.10717497e-01]
 [ 6.80067904e-02  1.32165525e-01  3.18166607e-01 -1.91316915e-01]
 [-8.68249081e-01  8.77746783e-01  2.79847589e-01 -3.52475252e-01]
 [ 6.91789687e-01  4.08511142e-01 -2.56399923e-01 -9.86809518e-02]
 [-2.73866573e+00  2.35673816e+00  3.28738186e-01 -4.07602647e-01]
 [ 1.94637388e-01 -5.37899762e-01  1.21704400e+00  2.78374040e-01]
 [-4.89548539e-01  1.17245038e+00 -2.04109558e+00 -3.42138551e-01]
 [ 4.79016485e-01 -7.73461618e-01 -2.24340096e-01  9.56279508e-02]
 [ 4.92217800e-01  3.90136671e-01  1.15043101e+00 -1.42654212e-01]
 [ 4.73423531e+00 -2.45491228e+00  4.05311507e-01  2.11971866e+01]
 [ 5.34495520e-01  2.51332025e-01 -2.48598821e+00 -1.55784365e-01]
 [-3.02588683e-01  4.88181678e-01  1.56587602e+00 -2.77561573e-01]
 [-4.15613675e-01 -6.65178878e-01  1.55919434e+00 -1.66517321e-01]
 [ 2.35923265e-01 -6.25532441e-01 -1.65277284e+00 -3.27831718e-02]
 [ 7.07973545e-02  4.43806348e-01  4.33693501e-02 -2.27212101e-01]
 [ 5.77601432e-01 -9.70119580e-02  3.50939013e-01 -1.06600934e-02]
 [ 4.23299077e+00 -6.08279197e-01  4.30558600e-01  4.39342069e+00]
 [-2.31848116e-02 -1.10855751e+00 -6.62833395e-01  2.66989075e-02]
 [-2.71209017e+00  1.83858566e+00  1.76415539e+00 -4.05451213e-01]
 [ 2.00968202e+00 -3.46880538e-01 -3.99856173e-01  7.31779264e-01]
 [ 2.60447225e+00 -4.98845904e-01 -2.49173090e+00  7.20058036e-01]
 [-7.83403335e-01  1.16407709e+00 -3.61239591e+00 -3.64643444e-01]
 [-2.53409728e-01  9.35002867e-01  6.05728851e-01 -3.13728022e-01]
 [-1.49350648e-01  9.99988641e-01 -6.60313869e-01 -3.18017532e-01]
 [ 8.05539471e-01 -7.32800393e-02 -5.56437348e-01  1.49100461e-02]
 [-3.51651162e-01  1.16201208e+00  1.32064993e+00 -3.33629898e-01]
 [ 3.47779268e-01 -5.99770239e-04  1.00287783e+00 -9.14657932e-02]
 [ 2.21396708e-02  3.39411005e-01 -6.73958656e-01 -2.40344225e-01]
 [ 4.22239963e-02 -1.31568925e+00  6.26259052e-01  2.87122186e-01]
 [-8.86858630e-01  1.16041080e+00  1.70238245e+00 -3.57541974e-01]
 [ 1.59293674e+00 -9.88078888e-01  6.03863850e-01  8.19614041e-01]
 [-1.55584211e+00  1.37750796e+00  6.83002781e-01 -3.84118555e-01]
 [ 3.84716425e-01 -1.37097841e+00 -7.56091573e-01  3.42266543e-01]
 [-3.22271223e+00  2.80770638e+00  9.30713921e-01 -4.10068409e-01]
 [-3.07872263e+00  2.90483153e+00 -6.16700317e-01 -4.09417158e-01]
 [ 3.98349850e-01  1.30752479e-01 -1.51015929e+00 -1.49780045e-01]
 [-2.50200625e-01  4.04873420e-01  7.16442851e-01 -2.77590588e-01]
 [-4.98452176e-01  1.98747953e+00 -1.35292882e+00 -3.72245626e-01]
 [ 4.01240369e-01  8.79840591e-02  1.38922814e+00 -9.84961938e-02]
 [ 4.26748537e-01 -3.88682207e-01 -1.71101464e-01 -2.48966883e-03]
 [ 2.37550609e+00 -1.12980627e+00  3.02728184e+00  2.31487086e+00]
 [ 4.14806373e-01 -6.70839240e-01  8.89501797e-01  1.43269812e-01]
 [-5.30604997e-02 -3.72639533e-01 -4.61994524e-01 -1.44319044e-01]
 [ 9.66073904e-02 -7.36930053e-01  1.00402097e-01  7.32936534e-03]
 [ 6.77590444e-01  3.04587162e-01  2.58749142e-01 -8.26608047e-02]
 [ 3.36365253e+00  3.79216516e-01  5.75704296e-01  1.06041333e+00]
 [-2.35714624e-01 -1.77397205e-01  1.74655194e+00 -1.76530685e-01]
 [ 1.64595730e+00  4.71422659e-01  1.01097228e+00  9.30586892e-02]
 [-9.05348826e-01  1.54091950e+00 -9.92132591e-02 -3.74266264e-01]
 [ 1.45606555e-02 -4.18104883e-01  8.26122672e-01 -9.60788311e-02]
 [ 1.01588432e-01  6.79755838e-01  8.42138437e-01 -2.58151307e-01]
 [ 4.73423531e+00  3.81842921e+00  3.30985846e+00  2.11971866e+01]]
var IPs: 
 [[-3.53368436e+00 -2.45491228e+00  8.20462523e-03  2.30214366e-03]
 [-1.40629798e-01  7.11248928e-01  1.15823280e-01  5.61926646e-02]
 [ 6.80121000e-02 -5.96691916e-01  7.43040245e-02  5.81672955e-02]
 [-2.91231414e+00  2.33226758e+00  1.31984128e-01  1.57473021e-01]
 [ 3.92071447e+00 -3.91961902e-02  2.65433772e-01  4.29733484e-02]
 [ 2.57421676e-02  1.47575873e-01  8.21290620e-02  5.97615988e-02]
 [ 6.10023252e-01  9.63067073e-03  8.70121889e-02  7.05158473e-02]
 [-6.82064124e-01  1.19791723e+00  1.20435168e-01  1.06559839e-01]
 [ 1.66693091e+00 -8.75751347e-01  1.27206450e-01  6.74199216e-02]
 [-1.56949091e+00  1.50701789e+00  1.03584037e-01  1.52199008e-01]
 [ 2.51305036e-01 -1.49052706e+00  8.13475254e-02  6.79660856e-02]
 [-8.52600978e-01  4.40512996e-01  1.63915681e-01  8.91121443e-01]
 [ 4.65423590e-01 -9.03669853e-01  1.06350436e-01  6.03266604e-02]
 [ 4.73423531e+00 -2.45491228e+00  4.63193532e-02  2.30214366e-02]
 [-3.29542445e-01 -3.77857967e-01  8.96985136e-02  4.86482617e-02]
 [ 5.67185509e-01 -4.49990335e-01  9.82482135e-02  6.77284055e-02]
 [ 1.44378828e+00  2.23248187e-01  5.23587118e-01  6.75335986e-02]
 [ 4.72603761e-01  4.87651407e-01  9.91693499e-02  6.50823903e-02]
 [-8.51955233e-04 -1.10099601e+00  9.58478551e-02  7.14190509e-02]
 [-3.21046810e+00  3.07435719e+00  9.58561927e-02  7.92441014e-02]
 [ 2.42075167e+00 -4.21352038e-01  6.14639597e-02  1.45802432e-01]
 [ 4.73423531e+00  3.81842921e+00  1.35800694e+00  1.49639338e+00]]
target_accept= 0.99
                                                                                                                        
  Progress                         Draws   Divergences   Step size   Grad evals   Sampling Speed   Elapsed   Remaining  
 ────────────────────────────────────────────────────────────────────────────────────────────────────────────────────── 
  ━━━━━━━━━━━━━━━━━━━━━━━━━━━━━━   2500    0             0.01        511          1.09 s/draws     0:45:23   0:00:00    
  ━━━━━━━━━━━━━━━━━━━━━━━━━━━━━━   2500    0             0.01        511          1.09 s/draws     0:45:13   0:00:00    
  ━━━━━━━━━━━━━━━━━━━━━━━━━━━━━━   2500    0             0.01        511          1.11 s/draws     0:46:23   0:00:00    
  ━━━━━━━━━━━━━━━━━━━━━━━━━━━━━━   2500    0             0.01        511          1.10 s/draws     0:45:37   0:00:00    
                                                                                                                        
Sampling 4 chains for 1_500 tune and 1_000 draw iterations (6_000 + 4_000 draws total) took 2795 seconds.
The rhat statistic is larger than 1.01 for some parameters. This indicates problems during sampling. See https://arxiv.org/abs/1903.08008 for details
The effective sample size per chain is smaller than 100 for some parameters.  A higher number is needed for reliable rhat and ess computation. See https://arxiv.org/abs/1903.08008 for details
/Users/user1/miniforge3/envs/bhs_env/lib/python3.11/site-packages/pymc/model/fgraph.py:163: UserWarning: Detected variables likely created by GP objects. Further use of these old GP objects should be avoided as it may reintroduce variables from the old model. See issue: https://github.com/pymc-devs/pymc/issues/6883
  warnings.warn(
AZ Stats for ESS Bulk < 400:
                mean     sd  hdi_3%  hdi_97%  ...  mcse_sd  ess_bulk  ess_tail  r_hat
ls[0]         1.443  0.318   0.927    2.040  ...    0.010     267.0     569.0   1.02
log_ls[0]     0.344  0.214  -0.026    0.750  ...    0.005     267.0     569.0   1.02
log_var[45]  -3.023  0.636  -3.992   -1.743  ...    0.024     322.0     803.0   1.02
σ_f[45]       0.233  0.090   0.129    0.406  ...    0.005     322.0     803.0   1.02
σ_f[147]      0.218  0.061   0.140    0.336  ...    0.003     327.0     680.0   1.02
log_var[147] -3.109  0.489  -3.879   -2.147  ...    0.018     327.0     680.0   1.02
mu_μ[45]      0.202  0.346  -0.533    0.707  ...    0.014     330.0     738.0   1.02
mu_μ[147]    -0.082  0.213  -0.550    0.249  ...    0.007     342.0     712.0   1.02
mu_μ[223]    -0.416  0.158  -0.746   -0.146  ...    0.005     358.0     676.0   1.02
mu_μ[188]    -0.647  0.160  -0.979   -0.380  ...    0.004     362.0     796.0   1.01
log_var[542] -3.144  0.224  -3.521   -2.696  ...    0.005     380.0     762.0   1.01
σ_f[220]      0.207  0.025   0.166    0.256  ...    0.001     380.0     890.0   1.01
σ_f[542]      0.209  0.024   0.170    0.257  ...    0.001     380.0     762.0   1.01
log_var[220] -3.162  0.233  -3.567   -2.704  ...    0.006     380.0     890.0   1.01
σ_f[96]       0.240  0.027   0.198    0.295  ...    0.001     385.0     787.0   1.01
log_var[96]  -2.864  0.220  -3.242   -2.443  ...    0.005     385.0     787.0   1.01
σ_f[541]      0.244  0.027   0.200    0.297  ...    0.001     390.0     843.0   1.01
log_var[541] -2.837  0.217  -3.215   -2.420  ...    0.005     390.0     843.0   1.01

[18 rows x 9 columns]
Computing ... ━━━━━━━━━━━━━━━━━━━━━━━━━━━━━━━━━━━━━━━━ 100% 0:00:00
/Users/user1/miniforge3/envs/bhs_env/lib/python3.11/site-packages/arviz/stats/stats.py:797: UserWarning: Estimated shape parameter of Pareto distribution is greater than 0.70 for one or more samples. You should consider using a more robust model, this is because importance sampling is less likely to work well if the marginal posterior and LOO posterior are very different. This is more likely to happen with a non-robust model and highly influential observations.
  warnings.warn(
/Users/user1/miniforge3/envs/bhs_env/lib/python3.11/site-packages/arviz/stats/stats.py:797: UserWarning: Estimated shape parameter of Pareto distribution is greater than 0.70 for one or more samples. You should consider using a more robust model, this is because importance sampling is less likely to work well if the marginal posterior and LOO posterior are very different. This is more likely to happen with a non-robust model and highly influential observations.
  warnings.warn(
Sampling: [X_new_latent, X_var_new_latent, f_mu_pred, log_var_pred_latent, y_pred]
[('log_ls', 1.0184389792037911), ('u_rotated_μ', 1.011162789787854), ('log_ls_v', 1.0096370152141991), ('alpha_log_var', 1.0005895262991333), ('u_rotated_log_var_f', 1.0085667820271467), ('eta', 1.004195367815093), ('eta_var', 1.0004285906510535), ('ls', 1.0184389792037911), ('u_μ', 1.0096489835524107), ('mu_μ', 1.0164269211196928), ('ls_v', 1.0096370152141991), ('u_log_var_f', 1.0090423367646173), ('mu_log_var_f', 1.0101990781259877), ('log_var', 1.0154330654610242), ('σ_f', 1.0154330654610242)]
Computed from 4000 posterior samples and 548 observations log-likelihood matrix.

         Estimate       SE
elpd_loo    29.57    28.21
p_loo       65.31        -

There has been a warning during the calculation. Please check the results.
------

Pareto k diagnostic values:
                         Count   Pct.
(-Inf, 0.70]   (good)      533   97.3%
   (0.70, 1]   (bad)        13    2.4%
   (1, Inf)   (very bad)    2    0.4%

Sampling ... ━━━━━━━━━━━━━━━━━━━━━━━━━━━━━━━━━━━━━━━━ 100% 0:00:00 / 0:00:08
[1.18647866 1.21048391 0.75429456 1.41149319 1.20017038 1.08551828
 1.23434793 1.2995933  1.35494532 1.13786045 1.07524997 1.05860055
 1.30203307 1.23216775 1.29649518 1.52487308 1.39461364 1.2450415
 1.3391402  1.06017294 1.04020124 1.03513751 1.46645205 0.99094534
 1.16086165 1.23937138 0.8441423  0.89497256 0.82967492 1.37989986
 1.69104669 1.31657366 0.3002887  1.19998372 1.06600145 1.16544081
 1.04587476 0.99282599 1.44542416 1.02729736 1.3080106  1.09743457
 1.01562016 1.4910093  1.21516244 1.33940173 1.14740273 1.64300832
 1.41002389 1.1180716  1.27779984 1.46906832 1.41778117 1.09200007
 1.16249001 1.17401664 1.41199085 1.13083369 0.91200839 1.18644642
 1.50517481 0.78239612 1.24547465 0.8738276  0.29306255 0.14844835
 1.11514064 1.49686054 0.52593328 1.43033388 1.30913448 1.53513501
 1.38620903 1.44500817 1.33454568 1.09147929 1.43723644 1.16881153
 1.78293065 1.38138415 1.38885094 1.21292495 0.22329389 1.40599732
 1.39343723 1.25184156 1.66533926 1.12369173 0.86861161 2.57726294
 1.29354911 1.02322127 1.25673094 1.29348998 1.29370877 1.55494504
 1.13022428 0.91219158 1.16625132 1.09468778 1.31315988 0.9546768
 1.18624467 1.22736839 0.97435261 1.16020629 0.29415144 1.28192737
 1.12676809 1.08427092 1.29051234 1.27802733 1.15437266 1.11170121
 1.60779828 1.15594246 1.06394963 1.16472779 1.33046837 1.17836264
 1.6160202  1.37207444 1.03138104 0.42104427 1.03371766 1.49585591
 1.05740819 0.40681144 1.09545374 0.99233755 1.42830723 1.20319157
 1.29317699 1.50929522 1.12038913 0.7173908  1.41012751]
[0.07440132 0.05900754 0.05445788 0.06304426 0.06096095 0.08873604
 0.07724519 0.06065813 0.0661312  0.05528463 0.0538486  0.08489881
 0.0622966  0.06001297 0.08174113 0.09729299 0.07209391 0.06187506
 0.08830253 0.06181693 0.05904387 0.06642366 0.06902304 0.0716012
 0.06714072 0.06361825 0.05042222 0.05898849 0.05105598 0.0712552
 0.09569025 0.06973225 0.05757212 0.07208829 0.06153162 0.05455963
 0.06509534 0.07245036 0.09112784 0.06442574 0.06503135 0.06114409
 0.05114655 0.0846371  0.05639246 0.0641593  0.96859743 0.07671056
 0.08613601 0.06698337 0.07493935 0.07051886 0.07724096 0.05353466
 0.05652074 0.06532138 0.06034995 0.07729582 0.07167012 0.06584013
 0.08050598 0.05379595 0.07557073 0.19875993 0.07640202 0.37647067
 0.05900109 0.09329857 0.20464209 0.0721182  0.07094945 0.07897996
 0.07642456 0.0782162  0.07124208 0.05808191 0.07148412 0.12560414
 0.17144666 0.07282796 0.06765818 0.07308518 0.08611052 0.0687118
 0.1342931  0.06375852 0.09020017 0.0647253  0.05642375 0.45590862
 0.08420357 0.06804877 0.06032134 0.06898696 0.06560148 0.07945756
 0.06021659 0.06220518 0.08064208 0.06183762 0.06566647 0.05697621
 0.10740182 0.06563078 0.06495964 0.07303422 0.06530428 0.08184428
 0.07268236 0.0608445  0.09031596 0.06579612 0.06771324 0.06607235
 0.08789186 0.063049   0.06008079 0.07157927 0.06867524 0.07504634
 0.14305058 0.07482299 0.05576344 0.08186552 0.05857442 0.08219807
 0.06196323 0.06519789 0.07056177 0.0594269  0.07841974 0.06160206
 0.05733655 0.07994017 0.06943414 0.06804903 0.06637305]
Unorm mass:  408    1.178
324    1.275
498    0.739
363    1.508
497    1.209
       ...  
357    1.263
41     1.550
382    1.146
160    0.707
362    1.429
Name: M, Length: 137, dtype: float64
MAE:  0.09466357537835991
MARD 6.422923760350896
MRD -0.6020533617940373
[ Top 5 memory changes ]
/Users/user1/miniforge3/envs/bhs_env/lib/python3.11/site-packages/pytensor/link/c/cmodule.py:871: size=9177 KiB (+9177 KiB), count=121378 (+121378), average=77 B
<frozen importlib._bootstrap_external>:729: size=7823 KiB (+7823 KiB), count=64281 (+64281), average=125 B
/Users/user1/miniforge3/envs/bhs_env/lib/python3.11/linecache.py:137: size=4640 KiB (+4640 KiB), count=47211 (+47211), average=101 B
<frozen abc>:123: size=2447 KiB (+2447 KiB), count=23727 (+23727), average=106 B
<frozen importlib._bootstrap>:241: size=947 KiB (+947 KiB), count=10056 (+10056), average=96 B
Peak Memory: 887.05 MB
CPU time used: 170.24031 s
Total run time: 2911.62842 s
