Initializing NUTS using jitter+adapt_diag...
Multiprocess sampling (4 chains in 4 jobs)
NUTS: [ls, eta, u_rotated_μ, ls_var, eta_var, alpha_log_var, u_rotated_log_var_f]
6147.216185958254 4.159799683880455 -0.07536356736242884 4.770491973434535 1.2075066413662239 1.5825891840607211
704.7574323340231 0.22772090060576824 0.21067821124083594 11.074047997501118 0.2785606684530734 0.523146732255257
GP radius 80_1000_40. TA.99. 20TD. 1.5Tuning.
(On good MS)
mean IPs: 
 [[-4.29697659e+00 -2.65588131e+00 -4.00913045e+00 -4.30257479e-01]
 [ 7.04680465e-01  6.35989990e-01 -2.42573562e-01 -1.23383567e-01]
 [-2.90695790e-02  8.99190130e-01  4.93648039e-01 -2.82596804e-01]
 [-4.17778290e+00  3.27442256e+00  1.02223940e+00 -4.29826199e-01]
 [ 2.24850412e-01 -5.07077738e-01  1.05872539e+00  2.83191782e-02]
 [ 1.04942536e-02  4.06123795e-01 -8.74355431e-01 -2.15852513e-01]
 [ 1.56783363e+00 -8.98340222e-01 -4.63299787e-01  7.22872221e-01]
 [-3.63191845e-01 -3.44814422e-01 -2.55817871e-01 -1.78956968e-01]
 [-1.25037941e+00  1.54363324e+00  2.51563068e-01 -3.85382580e-01]
 [ 5.79733342e+00 -2.65588131e+00  4.05184603e-01  2.12776311e+01]
 [-6.46107223e-01 -5.94185852e-01  1.49529965e+00 -1.86659140e-01]
 [-7.99228761e-02 -1.62853058e+00 -8.71699874e-01  2.17315984e-01]
 [ 3.96478214e-01  2.70096587e-01  1.37025199e+00 -1.14247775e-01]
 [ 7.34855329e-01 -3.64349395e-01 -7.78192316e-01  1.29814724e-01]
 [ 4.36673272e-01  7.59267105e-02  3.05359928e-01 -5.20167460e-02]
 [-3.89093003e-01  7.44333593e-01 -4.00913045e+00 -3.21697357e-01]
 [-4.57407637e-01  6.41555658e-01  1.52960736e+00 -2.85831832e-01]
 [-1.08594620e+00  1.67369707e+00 -2.05882347e+00 -3.81382369e-01]
 [ 3.30650477e+00 -4.82167792e-01 -2.50921265e+00  7.56679764e-01]
 [ 3.14355916e-01  1.24366154e+00 -5.91410805e-01 -2.97987868e-01]
 [-4.67755121e-01  4.97403355e-01  7.87623647e-01 -2.86909717e-01]
 [ 4.01187457e+00  5.77889768e-01  5.59996735e-01  9.95111353e-01]
 [-5.32546979e-01  1.45044931e+00  1.31894846e+00 -3.49159990e-01]
 [ 8.25344898e-01  6.80420307e-01 -2.26255450e+00 -1.78328142e-01]
 [-4.22405507e-01 -1.26012608e+00 -3.67713456e-01 -2.55202114e-02]
 [-3.53911299e+00  2.25802864e+00  1.73754830e+00 -4.25363153e-01]
 [ 1.59805011e-01 -1.09482457e+00  5.75024919e-02  1.96034007e-01]
 [ 8.95225515e-01  1.37823014e-01 -4.90084181e-01 -2.23398942e-02]
 [ 1.31278567e-01  6.60296859e-01  2.87185219e-02 -2.29183196e-01]
 [-1.19362514e+00  1.55980551e+00 -3.48700717e+00 -3.90597185e-01]
 [ 2.83990024e+00 -1.13937612e+00  2.97598493e+00  2.30774834e+00]
 [-3.40289591e+00  2.92112105e+00  3.48225699e-01 -4.27169177e-01]
 [-1.43119668e-03 -5.84562096e-01  7.38526378e-02 -3.07273555e-02]
 [ 3.35174757e-01 -1.12580897e+00 -1.03495054e+00  1.56904947e-01]
 [ 8.97156810e-01 -4.14856434e-01 -2.17550187e+00  5.87178252e-02]
 [ 7.64444853e-01 -7.46139007e-01 -1.69841744e-01  4.63468344e-01]
 [-4.98256854e-01  8.41337422e-01  6.55578664e-01 -3.18814134e-01]
 [ 3.86497453e-01  6.12968742e-02 -1.38616538e+00 -1.29192158e-01]
 [ 7.69790931e-01  5.27658562e-01  3.10471764e-01 -9.20808811e-02]
 [ 3.66044598e-02 -1.77035082e+00  4.47164640e-01  6.46735752e-01]
 [ 3.06448136e-01  1.51673844e-01  9.95957564e-01 -1.08207441e-01]
 [-1.99187403e-01 -1.25088308e+00  7.34574208e-01  1.18893512e-01]
 [-7.61429953e-01  2.42267458e+00 -1.31270390e+00 -3.92094508e-01]
 [ 5.39659912e+00 -1.58920728e-01  4.54121085e-01  3.54100289e+00]
 [-2.26168603e-01  1.05516639e+00 -2.39298406e+00 -3.11378628e-01]
 [-1.13166601e+00  1.34172768e+00  1.77047651e+00 -3.68446203e-01]
 [ 2.75679846e+00  1.25566572e-02 -2.83068820e-01  7.52771982e-01]
 [-3.81296608e+00  3.39099448e+00 -9.76068818e-01 -4.29373430e-01]
 [-6.41338369e-02 -2.34568598e-01  8.19691947e-01 -1.18594838e-01]
 [-2.26790180e+00  1.59281902e+00  6.60487755e-01 -4.02527363e-01]
 [-1.32664963e+00  2.18776720e+00  6.47227520e-03 -3.98272788e-01]
 [-9.79468128e-02  7.20075738e-01 -4.01237119e-01 -2.82203187e-01]
 [ 1.93449039e+00  6.78319601e-01  1.05952936e+00  8.75603126e-02]
 [-2.80883187e-01 -2.06650940e-01 -9.01266468e-01 -2.17597279e-01]
 [-1.40685962e+00  1.67733532e+00  1.50630365e+00 -3.89544797e-01]
 [ 4.04517659e-01 -5.97343998e-01 -2.60795682e-01  2.05137472e-02]
 [-4.56479368e-01 -6.75552889e-02  1.67289432e+00 -1.98272502e-01]
 [ 6.46445235e-01  4.17552430e-02  3.58445320e-01 -2.46103062e-02]
 [-9.88041514e-02  2.18789018e-01 -1.62368501e-01 -1.38733690e-01]
 [-2.22148957e-01  6.12320276e-01  1.96312837e-01 -2.66782703e-01]
 [-5.20003529e-01  1.28912201e+00 -6.21323734e-01 -3.50213910e-01]
 [-1.11169004e+00  1.00858124e+00  3.06370458e-01 -3.64839086e-01]
 [ 1.99470591e+00 -1.00912865e+00  7.37444876e-01  6.93468913e-01]
 [ 5.82200156e-02  9.63110484e-01  9.55737021e-01 -2.70475970e-01]
 [ 5.24696579e-01 -1.26821773e+00 -3.61516470e+00  1.35678302e-01]
 [-1.52758791e+00  1.69348876e+00 -7.15792655e-01 -3.97448640e-01]
 [-4.47475692e-03 -1.24837141e+00  1.43385818e+00  2.54042700e-01]
 [-7.09217283e-02  5.06461544e-02 -2.89950358e+00 -2.41375603e-01]
 [ 4.21795777e-01 -1.57873905e+00 -2.96158722e-01  5.62939796e-01]
 [-4.09505601e-01  1.24161391e+00  6.30056460e-01 -3.29867696e-01]
 [ 2.07088723e-01  4.15790447e-01  4.45056299e-01 -1.90128127e-01]
 [-1.51762108e-01  1.84293720e-01  2.85885529e-01 -1.99195748e-01]
 [ 4.86690988e-01 -7.01753766e-01  7.13665497e-01  1.86298150e-01]
 [-4.54261946e-01 -6.66191530e-01  3.08398588e-01 -1.24451514e-01]
 [ 1.29024781e-01  7.50032987e-01 -1.66914751e+00 -2.50625547e-01]
 [-4.03322501e+00  3.10191144e+00  5.46240144e-01 -4.29565859e-01]
 [-1.80818783e+00  5.43338243e-01  3.60521647e-02 -3.72156763e-01]
 [ 1.29968663e+00 -6.22690686e-01  2.15321590e-01  4.51461654e-01]
 [ 7.05088107e-03 -5.16262155e-01 -1.60262655e+00 -1.01583974e-01]
 [-5.49042648e-01  1.01115417e+00 -1.23135218e+00 -3.36194682e-01]
 [-7.95861733e-02 -9.38971769e-01 -6.81106004e-01  4.90296886e-03]
 [ 5.79733342e+00  3.79060646e+00  3.25312980e+00  2.12776311e+01]]
var IPs: 
 [[-4.29697659e+00 -2.65588131e+00  1.02872274e-02  2.63480426e-03]
 [-1.83356337e-01 -1.19703299e-01  1.08385598e-01  7.49512662e-02]
 [-1.85324847e+00  1.82252020e+00  1.49028423e-01  1.83381548e-01]
 [ 2.03301696e+00 -2.10770459e-02  6.38517566e-01  1.31740213e-02]
 [ 3.31145184e-02 -1.53877309e+00  8.57497559e-02  7.85642343e-02]
 [ 6.20430428e-02  8.91915160e-01  1.49389987e-01  7.64361456e-02]
 [ 2.93852947e+00 -1.55744819e-01  3.18076343e-02  2.00537880e-01]
 [-3.93577075e+00  3.32786896e+00  1.17081064e-01  9.46882783e-02]
 [ 3.81831087e-01 -7.89546480e-01  1.25496836e-01  6.72551890e-02]
 [-4.25225215e-01  1.25453416e+00  1.49493516e-01  7.13234061e-02]
 [-1.30288259e+00  9.01104447e-01  2.32349447e-01  1.16370522e+00]
 [ 8.09556765e-01 -4.45286399e-01  1.74053267e-01  9.03387097e-02]
 [ 5.43571964e+00  5.13800713e-02  5.38511526e-01  8.34354684e-02]
 [ 3.14590141e-01 -1.21730140e+00  1.08469157e-01  6.99214592e-02]
 [-5.28350644e-01 -4.95132702e-01  1.01284427e-01  5.05115325e-02]
 [ 5.68093983e-01  1.71357766e-01  1.11238882e-01  8.61974662e-02]
 [-5.60026520e-01 -3.41046892e-02  1.34135986e-01  4.75672697e-02]
 [-8.91064770e-01  1.26421911e+00  1.49644869e-01  1.21871297e-01]
 [-9.68550735e-01  2.01085891e+00  9.71864276e-02  1.36382487e-01]
 [ 1.61110045e-01  3.63371087e-01  9.82900241e-02  5.14816874e-02]
 [ 5.79733342e+00 -2.65588131e+00  5.80767199e-02  2.63480426e-02]
 [ 6.47176861e-01  6.97395043e-01  1.29935960e-01  8.89913531e-02]
 [-1.89152484e+00  8.30843000e-01  9.17975420e-02  3.57894246e-01]
 [-3.08445065e+00  1.98283798e+00  8.87350226e-02  6.14787662e-02]
 [-4.40021705e-01  7.55771989e-01  1.18585212e-01  5.97543872e-02]
 [-1.87733509e-01 -1.12086191e+00  1.24437709e-01  8.70213853e-02]
 [-2.70441017e-01  4.27126071e-01  1.00122022e-01  1.32183393e-01]
 [ 4.01501096e+00  6.00297626e-01  2.18117600e-01  3.73263937e-02]
 [ 1.58154856e+00 -8.03362979e-01  2.23868313e-01  5.70874257e-02]
 [-5.70740044e-02 -6.71434565e-01  1.03626333e-01  5.86947900e-02]
 [ 4.48806762e-01 -3.13196649e-01  9.12746979e-02  7.94339336e-02]
 [-1.27568647e+00  1.53536038e+00  1.71690279e-01  1.04495605e-01]
 [ 1.71978862e+00  5.79438759e-01  3.99428210e-01  1.08253497e-01]
 [ 1.28680299e-01 -4.13004180e-01  8.91400083e-02  6.63199738e-02]
 [ 5.91915925e-01 -1.85812113e+00  7.84525249e-02  4.62470337e-02]
 [ 1.05841035e+00  1.71593016e-01  1.12693029e-01  8.23376333e-02]
 [-3.09231628e-02 -1.97647821e+00  1.14750728e-01  5.50523101e-02]
 [ 1.11780845e+00  1.58967912e-01  1.70271351e+00  1.75653618e-02]
 [-1.73139882e+00 -4.16297686e-01  3.68921260e-02  2.63480426e-02]
 [ 7.60029323e-01 -1.10958056e+00  9.31402026e-02  6.86999300e-02]
 [ 2.84180588e+00 -1.14745587e+00  2.12839189e-01  4.83047448e-02]
 [ 5.79733342e+00  3.79060646e+00  1.70271351e+00  1.22957532e+00]]
target_accept= 0.99
