6147.216185958254 4.159799683880455 -0.07536356736242884 4.770491973434535 1.2075066413662239 1.5825891840607211
704.7574323340231 0.22772090060576824 0.21067821124083594 11.074047997501118 0.2785606684530734 0.523146732255257
Multiprocess sampling (2 chains in 2 jobs)
CompoundStep
>NUTS: [X_dist, sig]
>PGBART: [mu]
                                                                                                                        
  Progress                         Draws   Divergences   Step size   Grad evals   Sampling Speed   Elapsed   Remaining  
 ────────────────────────────────────────────────────────────────────────────────────────────────────────────────────── 
  ━━━━━━━━━━━━━━━━━━━━━━━━━━━━━━   2000    0             0.25        15           9.60 draws/s     0:03:28   0:00:00    
  ━━━━━━━━━━━━━━━━━━━━━━━━━━━━━━   2000    0             0.26        15           9.45 draws/s     0:03:31   0:00:00    
                                                                                                                        
Sampling 2 chains for 1_000 tune and 1_000 draw iterations (2_000 + 2_000 draws total) took 217 seconds.
We recommend running at least 4 chains for robust computation of convergence diagnostics
The rhat statistic is larger than 1.01 for some parameters. This indicates problems during sampling. See https://arxiv.org/abs/1903.08008 for details
The effective sample size per chain is smaller than 100 for some parameters.  A higher number is needed for reliable rhat and ess computation. See https://arxiv.org/abs/1903.08008 for details
Computing ... ━━━━━━━━━━━━━━━━━━━━━━━━━━━━━━━━━━━━━━━━ 100% 0:00:00
/Users/user1/miniforge3/envs/bhs_env/lib/python3.11/site-packages/arviz/stats/stats.py:797: UserWarning: Estimated shape parameter of Pareto distribution is greater than 0.70 for one or more samples. You should consider using a more robust model, this is because importance sampling is less likely to work well if the marginal posterior and LOO posterior are very different. This is more likely to happen with a non-robust model and highly influential observations.
  warnings.warn(
Sampling: [X_dist, mu, y]
Sampling ... ━━━━━━━━━━━━━━━━━━━━━━━━━━━━━━━━━━━━━━━━ 100% 0:00:00 / 0:01:21
/Users/user1/miniforge3/envs/bhs_env/lib/python3.11/site-packages/arviz/stats/stats.py:797: UserWarning: Estimated shape parameter of Pareto distribution is greater than 0.70 for one or more samples. You should consider using a more robust model, this is because importance sampling is less likely to work well if the marginal posterior and LOO posterior are very different. This is more likely to happen with a non-robust model and highly influential observations.
  warnings.warn(
Sampling: [X_new_latent, X_var_new_latent, f_mu_pred, log_var_pred_latent, y_pred]
mean IPs: 
 [[-4.29697659e+00 -2.65588131e+00 -4.00913045e+00 -4.30257479e-01]
 [-3.19008633e-02  5.83698040e-01  1.24753958e-01 -2.31127321e-01]
 [-3.64035195e+00  2.97554940e+00  2.70729478e-01 -4.28096947e-01]
 [ 3.96478214e-01  2.70096587e-01  1.37025199e+00 -1.14247775e-01]
 [-1.80020471e-01 -1.18457906e+00 -2.83294352e-01  5.53273642e-02]
 [ 8.25344898e-01  6.80420307e-01 -2.26255450e+00 -1.78328142e-01]
 [-1.26008226e+00  1.48711179e+00  1.68141949e+00 -3.77965022e-01]
 [ 5.79733342e+00 -2.65588131e+00  4.05184603e-01  2.12776311e+01]
 [ 6.65890995e-01  6.76796429e-01 -2.57501670e-01 -1.39693234e-01]
 [-1.19362514e+00  1.55980551e+00 -3.48700717e+00 -3.90597185e-01]
 [-1.01723715e-01 -2.52516759e-01  7.61318396e-01 -1.19958025e-01]
 [-4.29773971e-01  8.40717155e-01  6.61966190e-01 -3.12012631e-01]
 [ 2.75679846e+00  1.25566572e-02 -2.83068820e-01  7.52771982e-01]
 [-6.51010067e-01 -5.93382235e-01  1.49069666e+00 -1.87060536e-01]
 [ 5.77109479e-01  5.48929235e-02  3.41805842e-01 -3.47325224e-02]
 [-4.10807272e-01  1.09342863e+00 -6.80865593e-01 -3.31343853e-01]
 [ 3.38267054e-01 -6.18515510e-01  9.56038303e-01  1.13238152e-01]
 [-1.26178528e+00  1.31514322e+00  1.98116060e-01 -3.78428456e-01]
 [-1.08594620e+00  1.67369707e+00 -2.05882347e+00 -3.81382369e-01]
 [-4.16185034e+00  3.28182961e+00  8.31582328e-01 -4.29938649e-01]
 [-4.40205604e-02  2.51946012e-01 -1.05817872e+00 -2.22899691e-01]
 [ 8.88146729e-01  9.60282356e-02 -5.10147053e-01 -6.65825993e-03]
 [-4.60803070e-02 -6.77810842e-01  1.14590366e-01 -1.17837064e-02]
 [-5.94520069e-01  1.47158267e+00  1.32113237e+00 -3.52625291e-01]
 [-4.93413948e-02 -1.56678856e+00 -8.90511976e-01  2.04896065e-01]
 [ 3.30650477e+00 -4.82167792e-01 -2.50921265e+00  7.56679764e-01]
 [-2.78010950e-01  4.71695663e-01 -3.26272772e+00 -2.97710581e-01]
 [-3.53911299e+00  2.25802864e+00  1.73754830e+00 -4.25363153e-01]
 [ 2.97682061e-01  1.57673603e-01  9.85338524e-01 -1.10479486e-01]
 [ 3.24666896e-01 -6.06888749e-01 -5.92726481e-01  5.21857915e-02]
 [ 4.01187457e+00  5.77889768e-01  5.59996735e-01  9.95111353e-01]
 [ 1.46457599e+00 -7.79126242e-01  4.89681356e-02  5.72587855e-01]
 [-4.67832836e-01  4.96560180e-01  7.86282946e-01 -2.86851490e-01]
 [-4.12937075e-01  1.53912238e-02  1.65277288e+00 -2.07934316e-01]
 [ 5.66604976e-01 -6.17352903e-01 -3.45783393e-02  1.41952993e-01]
 [-2.80612245e-01  1.15653280e+00  7.15176048e-01 -3.13865904e-01]
 [-2.95079490e-01 -2.37927753e-01 -3.72826289e-01 -1.93067654e-01]
 [-1.12444746e+00  2.09872884e+00 -1.00027795e+00 -3.94398728e-01]
 [ 2.97148398e-01 -1.61815592e+00 -5.19780139e-02  5.67133939e-01]
 [ 5.39659912e+00 -1.58920728e-01  4.54121085e-01  3.54100289e+00]
 [-1.26994650e-01 -1.32910321e+00  9.25583919e-01  2.14206784e-01]
 [ 1.93449039e+00  6.78319601e-01  1.05952936e+00  8.75603126e-02]
 [ 1.62384908e-01 -6.77991507e-01 -1.49674356e+00 -2.78323282e-03]
 [ 3.17741613e-02 -1.03309186e+00 -7.59261100e-01  4.13796498e-02]
 [-2.26790180e+00  1.59281902e+00  6.60487755e-01 -4.02527363e-01]
 [-5.08748569e-01  7.18262202e-01  1.50857473e+00 -2.95756520e-01]
 [-5.71374419e-02  9.21003956e-01 -2.03921849e+00 -2.80717415e-01]
 [ 2.83990024e+00 -1.13937612e+00  2.97598493e+00  2.30774834e+00]
 [ 7.48411812e-01  5.42830956e-01  3.42759244e-01 -1.02347320e-01]
 [ 5.64016251e-01  1.66646726e-02 -1.60661605e+00 -8.41308539e-02]
 [ 8.35081409e-01 -5.99850751e-01 -2.43269431e+00  7.82898349e-02]
 [ 5.79733342e+00  3.79060646e+00  3.25312980e+00  2.12776311e+01]]
var IPs: 
 [[-4.29697659e+00 -2.65588131e+00  1.02872274e-02  2.63480426e-03]
 [-5.48886117e-01 -3.02627688e-04  1.34907301e-01  5.28585387e-02]
 [ 3.82803787e-01 -1.25345277e+00  1.06533108e-01  7.40477966e-02]
 [-1.82644064e+00  1.82230142e+00  1.49040135e-01  2.87559407e-02]
 [ 6.22026005e-01 -1.45639429e-01  1.40672514e-01  7.45967049e-02]
 [ 5.36914354e+00 -3.06514175e-01  1.97287738e-01  8.34354684e-02]
 [ 6.61225824e-01  6.84120566e-01  1.33239001e-01  8.97724024e-02]
 [-4.01189572e+00  3.38597580e+00  1.17996019e-01  9.53548210e-02]
 [-1.65029504e-01  3.19526297e-01  1.04830395e-01  7.17683214e-02]
 [ 2.75454181e+00  7.46666694e-03  4.25678377e-02  2.56893416e-01]
 [-6.49389192e-02 -6.83016726e-01  1.00204690e-01  6.38114558e-02]
 [ 2.61674640e-01  1.10456989e+00  1.62396301e-01  1.62589104e-01]
 [-5.74190742e-02  8.09823117e-01  1.37054248e-01  5.44638031e-02]
 [-1.00575779e+00  1.29412942e+00  2.01998579e-01  1.04034847e-01]
 [-3.70680479e-01 -1.16965210e+00  1.67621825e-01  1.13485437e-01]
 [ 1.05841035e+00  1.71593016e-01  1.12693029e-01  8.23376333e-02]
 [ 1.99470591e+00 -1.00912865e+00  1.78784918e-01  1.75653618e-01]
 [-1.48237697e+00  1.14262817e+00  1.52534752e-01  1.22957532e+00]
 [ 1.78243429e+00  4.59335598e-01  4.47246081e-01  8.92376016e-02]
 [ 5.79733342e+00 -2.65588131e+00  5.80767199e-02  2.63480426e-02]
 [-2.85711948e+00  1.84524264e+00  6.42845296e-02  9.00224790e-02]
 [ 2.04036463e-01  4.12453648e-01  8.98272187e-02  5.06511775e-02]
 [-4.40961914e-01  1.31083251e+00  1.46702958e-01  6.44628520e-02]
 [-5.37401818e-01 -4.74148823e-01  1.03705123e-01  4.72647924e-02]
 [-1.73139882e+00 -4.16297686e-01  3.68921260e-02  2.63480426e-02]
 [ 7.27071401e-02 -1.67203808e+00  9.16266794e-02  6.89437003e-02]
 [-7.14644731e-01  9.62583213e-01  1.28013312e-01  1.27021678e-01]
 [ 4.10450077e-01 -7.97936537e-01  9.47686757e-02  6.74467468e-02]
 [-1.86251581e-01 -1.59650185e-01  1.13764533e-01  7.70603074e-02]
 [-9.68550735e-01  2.01085891e+00  9.71864276e-02  1.36382487e-01]
 [ 1.11780845e+00  1.58967912e-01  1.70271351e+00  1.75653618e-02]
 [ 1.02774910e+00 -1.32091382e+00  8.89923215e-02  5.53308896e-02]
 [ 3.16912049e-01  1.27024959e-02  9.04784848e-02  5.63197581e-02]
 [-1.89152484e+00  8.30843000e-01  9.17975420e-02  3.57894246e-01]
 [ 9.40825571e-01 -4.95341814e-01  1.22532309e-01  6.47579596e-02]
 [-8.98015152e-01  6.15667318e-01  2.80474753e-01  1.03928390e+00]
 [ 2.02985489e-02 -1.07814906e+00  9.72274090e-02  6.21061045e-02]
 [-1.94707586e+00  1.82328594e+00  1.48987432e-01  7.24571173e-01]
 [ 6.16029817e-01  2.40451674e-01  1.08858574e-01  9.73427573e-02]
 [ 4.01501096e+00  6.00297626e-01  2.18117600e-01  3.73263937e-02]
 [ 1.75606588e+00 -5.49501679e-01  1.82124129e-01  1.46378015e-02]
 [-4.70770668e-01  6.70171602e-01  1.06569834e-01  9.08666845e-02]
 [ 2.84180588e+00 -1.14745587e+00  2.12839189e-01  4.83047448e-02]
 [-1.31454933e+00  1.58820285e+00  1.21239508e-01  1.14931138e-01]
 [-5.94894309e-01 -2.37483552e+00  1.46291469e-01  4.83047448e-02]
 [ 4.81198634e-01 -4.23543397e-01  1.03690286e-01  9.88782431e-02]
 [ 5.50229573e+00  4.09274317e-01  8.79735313e-01  8.34354684e-02]
 [ 1.08992674e-01 -4.41200245e-01  8.86079103e-02  5.96604918e-02]
 [ 3.30650477e+00 -4.82167792e-01  1.02872274e-02  8.78268088e-02]
 [ 7.50306119e-01 -8.40793928e-01  7.37369544e-01  1.00268940e-01]
 [-3.47100445e+00  2.58957485e+00  1.24156193e-01  4.72069097e-02]
 [ 5.79733342e+00  3.79060646e+00  1.70271351e+00  1.22957532e+00]]
Sampling ... ━━━━━━━━━━━━━━━━━━━━━━━━━━━━━━━━━━━━━━━━ 100% 0:00:00 / 0:00:04
/Users/user1/miniforge3/envs/bhs_env/lib/python3.11/site-packages/arviz/stats/stats.py:797: UserWarning: Estimated shape parameter of Pareto distribution is greater than 0.70 for one or more samples. You should consider using a more robust model, this is because importance sampling is less likely to work well if the marginal posterior and LOO posterior are very different. This is more likely to happen with a non-robust model and highly influential observations.
  warnings.warn(
starting parallel prediction on 32 worker(s)…
Initializing NUTS using jitter+adapt_diag...
Multiprocess sampling (4 chains in 4 jobs)
NUTS: [mu, sigma, beta_con]
finished chain 1/4
finished chain 2/4
finished chain 3/4
finished chain 4/4
                                                                                                                        
  Progress                         Draws   Divergences   Step size   Grad evals   Sampling Speed   Elapsed   Remaining  
 ────────────────────────────────────────────────────────────────────────────────────────────────────────────────────── 
  ━━━━━━━━━━━━━━━━━━━━━━━━━━━━━━   2000    0             0.16        31           123.16 draws/s   0:00:16   0:00:00    
  ━━━━━━━━━━━━━━━━━━━━━━━━━━━━━━   2000    0             0.20        15           118.10 draws/s   0:00:16   0:00:00    
  ━━━━━━━━━━━━━━━━━━━━━━━━━━━━━━   2000    0             0.10        31           99.26 draws/s    0:00:20   0:00:00    
  ━━━━━━━━━━━━━━━━━━━━━━━━━━━━━━   2000    0             0.12        31           89.00 draws/s    0:00:22   0:00:00    
                                                                                                                        
Sampling 4 chains for 1_000 tune and 1_000 draw iterations (4_000 + 4_000 draws total) took 34 seconds.
MARD BART: 7.007442232092798
MRD BART: -1.687795473844368
MARD GP: 5.851412617917317
MRD GP: -1.2179441744723583
MARD HBNN: 6.338750025700849
MRD HBNN: -0.8183962847603612
MARD BHS: 5.841239950754062
MRD BHS: -1.138861637085103
