6049.532828467154 4.194815571906934 -0.07372627737226277 4.570844713503649 1.1729082481751822 1.5180168065693431
883.6479172901575 0.26062665391530143 0.206572663121033 11.125493190961159 0.32731139416942934 0.5535885051225802
Multiprocess sampling (4 chains in 4 jobs)
CompoundStep
>NUTS: [X_dist, sig]
>PGBART: [mu]
                                                                                                                        
  Progress                         Draws   Divergences   Step size   Grad evals   Sampling Speed   Elapsed   Remaining  
 ────────────────────────────────────────────────────────────────────────────────────────────────────────────────────── 
  ━━━━━━━━━━━━━━━━━━━━━━━━━━━━━━   4000    0             0.24        15           9.11 draws/s     0:07:19   0:00:00    
  ━━━━━━━━━━━━━━━━━━━━━━━━━━━━━━   4000    0             0.26        15           9.09 draws/s     0:07:20   0:00:00    
  ━━━━━━━━━━━━━━━━━━━━━━━━━━━━━━   4000    0             0.33        15           9.06 draws/s     0:07:21   0:00:00    
  ━━━━━━━━━━━━━━━━━━━━━━━━━━━━━━   4000    0             0.27        15           8.99 draws/s     0:07:24   0:00:00    
                                                                                                                        
Sampling 4 chains for 2_000 tune and 2_000 draw iterations (8_000 + 8_000 draws total) took 459 seconds.
Computing ... ━━━━━━━━━━━━━━━━━━━━━━━━━━━━━━━━━━━━━━━━ 100% 0:00:00
/Users/user1/miniforge3/envs/bhs_env/lib/python3.11/site-packages/arviz/stats/stats.py:797: UserWarning: Estimated shape parameter of Pareto distribution is greater than 0.70 for one or more samples. You should consider using a more robust model, this is because importance sampling is less likely to work well if the marginal posterior and LOO posterior are very different. This is more likely to happen with a non-robust model and highly influential observations.
  warnings.warn(
Sampling: [X_dist, mu, y]
Sampling ... ━━━━━━━━━━━━━━━━━━━━━━━━━━━━━━━━━━━━━━━━ 100% 0:00:00 / 0:04:10
/Users/user1/miniforge3/envs/bhs_env/lib/python3.11/site-packages/arviz/stats/stats.py:797: UserWarning: Estimated shape parameter of Pareto distribution is greater than 0.70 for one or more samples. You should consider using a more robust model, this is because importance sampling is less likely to work well if the marginal posterior and LOO posterior are very different. This is more likely to happen with a non-robust model and highly influential observations.
  warnings.warn(
Sampling: [X_new_latent, X_var_new_latent, f_mu_pred, log_var_pred_latent, y_pred]
mean IPs: 
 [[-3.53368436e+00 -2.45491228e+00 -4.09673628e+00 -4.10717497e-01]
 [ 6.80067904e-02  1.32165525e-01  3.18166607e-01 -1.91316915e-01]
 [-8.68249081e-01  8.77746783e-01  2.79847589e-01 -3.52475252e-01]
 [ 6.91789687e-01  4.08511142e-01 -2.56399923e-01 -9.86809518e-02]
 [-2.73866573e+00  2.35673816e+00  3.28738186e-01 -4.07602647e-01]
 [ 1.94637388e-01 -5.37899762e-01  1.21704400e+00  2.78374040e-01]
 [-4.89548539e-01  1.17245038e+00 -2.04109558e+00 -3.42138551e-01]
 [ 4.79016485e-01 -7.73461618e-01 -2.24340096e-01  9.56279508e-02]
 [ 4.92217800e-01  3.90136671e-01  1.15043101e+00 -1.42654212e-01]
 [ 4.73423531e+00 -2.45491228e+00  4.05311507e-01  2.11971866e+01]
 [ 5.34495520e-01  2.51332025e-01 -2.48598821e+00 -1.55784365e-01]
 [-3.02588683e-01  4.88181678e-01  1.56587602e+00 -2.77561573e-01]
 [-4.15613675e-01 -6.65178878e-01  1.55919434e+00 -1.66517321e-01]
 [ 2.35923265e-01 -6.25532441e-01 -1.65277284e+00 -3.27831718e-02]
 [ 7.07973545e-02  4.43806348e-01  4.33693501e-02 -2.27212101e-01]
 [ 5.77601432e-01 -9.70119580e-02  3.50939013e-01 -1.06600934e-02]
 [ 4.23299077e+00 -6.08279197e-01  4.30558600e-01  4.39342069e+00]
 [-2.31848116e-02 -1.10855751e+00 -6.62833395e-01  2.66989075e-02]
 [-2.71209017e+00  1.83858566e+00  1.76415539e+00 -4.05451213e-01]
 [ 2.00968202e+00 -3.46880538e-01 -3.99856173e-01  7.31779264e-01]
 [ 2.60447225e+00 -4.98845904e-01 -2.49173090e+00  7.20058036e-01]
 [-7.83403335e-01  1.16407709e+00 -3.61239591e+00 -3.64643444e-01]
 [-2.53409728e-01  9.35002867e-01  6.05728851e-01 -3.13728022e-01]
 [-1.49350648e-01  9.99988641e-01 -6.60313869e-01 -3.18017532e-01]
 [ 8.05539471e-01 -7.32800393e-02 -5.56437348e-01  1.49100461e-02]
 [-3.51651162e-01  1.16201208e+00  1.32064993e+00 -3.33629898e-01]
 [ 3.47779268e-01 -5.99770239e-04  1.00287783e+00 -9.14657932e-02]
 [ 2.21396708e-02  3.39411005e-01 -6.73958656e-01 -2.40344225e-01]
 [ 4.22239963e-02 -1.31568925e+00  6.26259052e-01  2.87122186e-01]
 [-8.86858630e-01  1.16041080e+00  1.70238245e+00 -3.57541974e-01]
 [ 1.59293674e+00 -9.88078888e-01  6.03863850e-01  8.19614041e-01]
 [-1.55584211e+00  1.37750796e+00  6.83002781e-01 -3.84118555e-01]
 [ 3.84716425e-01 -1.37097841e+00 -7.56091573e-01  3.42266543e-01]
 [-3.22271223e+00  2.80770638e+00  9.30713921e-01 -4.10068409e-01]
 [-3.07872263e+00  2.90483153e+00 -6.16700317e-01 -4.09417158e-01]
 [ 3.98349850e-01  1.30752479e-01 -1.51015929e+00 -1.49780045e-01]
 [-2.50200625e-01  4.04873420e-01  7.16442851e-01 -2.77590588e-01]
 [-4.98452176e-01  1.98747953e+00 -1.35292882e+00 -3.72245626e-01]
 [ 4.01240369e-01  8.79840591e-02  1.38922814e+00 -9.84961938e-02]
 [ 4.26748537e-01 -3.88682207e-01 -1.71101464e-01 -2.48966883e-03]
 [ 2.37550609e+00 -1.12980627e+00  3.02728184e+00  2.31487086e+00]
 [ 4.14806373e-01 -6.70839240e-01  8.89501797e-01  1.43269812e-01]
 [-5.30604997e-02 -3.72639533e-01 -4.61994524e-01 -1.44319044e-01]
 [ 9.66073904e-02 -7.36930053e-01  1.00402097e-01  7.32936534e-03]
 [ 6.77590444e-01  3.04587162e-01  2.58749142e-01 -8.26608047e-02]
 [ 3.36365253e+00  3.79216516e-01  5.75704296e-01  1.06041333e+00]
 [-2.35714624e-01 -1.77397205e-01  1.74655194e+00 -1.76530685e-01]
 [ 1.64595730e+00  4.71422659e-01  1.01097228e+00  9.30586892e-02]
 [-9.05348826e-01  1.54091950e+00 -9.92132591e-02 -3.74266264e-01]
 [ 1.45606555e-02 -4.18104883e-01  8.26122672e-01 -9.60788311e-02]
 [ 1.01588432e-01  6.79755838e-01  8.42138437e-01 -2.58151307e-01]
 [ 4.73423531e+00  3.81842921e+00  3.30985846e+00  2.11971866e+01]]
var IPs: 
 [[-3.53368436e+00 -2.45491228e+00  8.20462523e-03  2.30214366e-03]
 [ 4.99508529e-01 -6.57801377e-01  9.05380395e-02  8.33462485e-02]
 [-6.61926498e-01  1.62262266e+00  7.75114792e-02  1.19163341e-01]
 [-3.03370712e+00  2.58707750e+00  1.05581557e-01  1.28536355e-01]
 [ 2.28006164e-01  1.78381140e-01  8.06648818e-02  4.25068340e-02]
 [ 4.49892666e+00  2.23248187e-01  7.01636917e-01  7.29012160e-02]
 [ 2.50058173e+00 -9.43171269e-01  1.15902120e-01  5.37166855e-02]
 [ 2.52512800e-01 -1.46590405e+00  6.97212616e-02  7.59855071e-02]
 [ 3.48319403e-02 -7.45094828e-01  8.26519234e-02  5.40506539e-02]
 [-2.69596577e-01  5.53389977e-01  1.04873500e-01  4.68260273e-02]
 [ 5.86398905e-01  1.30395060e-01  9.00352940e-02  7.63860145e-02]
 [-9.28574393e-01  6.52981671e-01  1.85311363e-01  1.01678012e+00]
 [ 4.73423531e+00 -2.45491228e+00  4.63193532e-02  2.30214366e-02]
 [ 2.38385657e-01 -1.14651731e+00  8.72416577e-02  5.66064673e-02]
 [-9.84118201e-02 -1.94316823e-01  8.65459975e-02  4.99870713e-02]
 [ 1.63777580e+00  2.29003547e-01  3.31297109e-01  8.34527078e-02]
 [ 5.42881676e-01 -4.25541249e-01  8.76464878e-02  6.29496141e-02]
 [-2.16816312e+00  1.47791648e+00  5.12704202e-02  7.86565752e-02]
 [-3.15947867e-01 -5.50626260e-01  8.13498385e-02  4.51814443e-02]
 [-4.84607976e-01  1.12780424e+00  1.38198810e-01  5.37277417e-02]
 [ 2.30744297e+00 -1.27828721e-01  3.39501734e-02  2.24459007e-01]
 [-3.38147442e+00  3.70332203e+00  1.23352297e-01  1.63068510e-01]
 [-1.55784086e+00  1.70461109e+00  1.18819948e-01  2.05982675e-01]
 [ 3.09281262e-01  8.13583598e-01  1.32842178e-01  1.43691927e-01]
 [ 3.31273589e+00  3.90153603e-01  1.73960688e-01  3.26137019e-02]
 [-8.72952266e-02  2.52344725e-01  8.87764027e-02  7.11618037e-02]
 [-3.20063316e+00  3.07836676e+00  9.30234751e-02  5.46567275e-02]
 [ 1.60647374e+00 -6.83029035e-01  1.32871925e-01  8.44119343e-02]
 [-1.32231719e+00  3.92072056e-01  6.30907389e-02  2.60909615e-01]
 [-2.70259544e+00  1.78486897e+00  1.89336345e-01  2.04634992e-01]
 [ 7.19548090e-01 -1.12071538e+00  7.23148981e-02  5.60058180e-02]
 [ 1.16359713e-01 -4.65196069e-01  6.65797721e-02  6.33102059e-02]
 [ 3.38062293e-01 -8.11481979e-01  7.57236476e-02  5.73771449e-02]
 [-9.61392894e-01 -2.10322203e-01  1.75409229e-01  1.49639338e+00]
 [ 4.23958694e+00 -5.99768172e-01  1.38805284e-01  3.83690611e-02]
 [-1.11607667e+00  1.28749083e+00  8.47305794e-02  5.57118767e-02]
 [ 1.22302545e-01  6.03518947e-01  1.02856725e-01  4.77626513e-02]
 [ 6.24777846e-01  4.74452687e-01  9.23051959e-02  4.45830184e-02]
 [-1.27033947e+00 -4.98090161e-01  2.94234836e-02  2.30214366e-02]
 [-1.03117936e+00  1.14538462e+00  1.41459056e-01  4.98797794e-01]
 [-3.52666285e-01 -4.78292290e-02  1.09319558e-01  4.22049774e-02]
 [ 4.29696271e-01 -1.37754631e-01  8.02316402e-02  5.55890974e-02]
 [ 1.15385894e-01 -1.90239780e+00  9.28160018e-02  4.73785975e-02]
 [-2.19324150e-01  9.53387439e-01  1.22250331e-01  5.84648568e-02]
 [ 8.94729368e-01 -1.52220482e-01  7.45885309e-02  4.84816451e-02]
 [ 1.00205880e+00  4.54453938e-03  1.35800694e+00  1.53476244e-02]
 [-1.01841147e-01 -1.13736135e+00  1.08449428e-01  8.82807552e-02]
 [ 8.10428932e-01 -7.36617824e-01  3.60249062e-01  7.64263505e-02]
 [-7.42425592e-01  9.08775412e-01  1.57423182e-01  8.35592885e-02]
 [-3.92233326e-01  3.25565684e-01  1.30214004e-01  5.80651791e-01]
 [ 9.70371971e-01  2.66221536e-01  2.41951569e-01  2.04588695e-01]
 [ 4.73423531e+00  3.81842921e+00  1.35800694e+00  1.49639338e+00]]
Sampling ...                                            0% -:--:-- / 0:00:00
Traceback (most recent call last):
  File "/Users/user1/miniforge3/envs/bhs_env/lib/python3.11/site-packages/pytensor/link/basic.py", line 102, in __set__
    self.storage[0] = self.type.filter_inplace(
                      ^^^^^^^^^^^^^^^^^^^^^^^^^
  File "/Users/user1/miniforge3/envs/bhs_env/lib/python3.11/site-packages/pytensor/graph/type.py", line 125, in filter_inplace
    raise NotImplementedError()
NotImplementedError

During handling of the above exception, another exception occurred:

Traceback (most recent call last):
  File "/Users/user1/BayeStarML_CL/BayestarML/exec_predictor.py", line 58, in <module>
    bart_bhs()
  File "/Users/user1/BayeStarML_CL/BayestarML/exec_predictor.py", line 19, in bart_bhs
    _, bhs_pred, bhs_w = predict4(X=None, X_er=None,
                         ^^^^^^^^^^^^^^^^^^^^^^^^^^^
  File "/Users/user1/BayestarML_CL/BayestarML/predict.py", line 46, in predict4
    gp4_pred, lpd_GP4 = posterior_predictive_GP(gp4_model, μ_gp4, lg_σ_gp4, 
                        ^^^^^^^^^^^^^^^^^^^^^^^^^^^^^^^^^^^^^^^^^^^^^^^^^^^^
  File "/Users/user1/BayestarML_CL/BayestarML/pred_sampling.py", line 713, in posterior_predictive_GP
    ppc = pm.sample_posterior_predictive(
          ^^^^^^^^^^^^^^^^^^^^^^^^^^^^^^^
  File "/Users/user1/miniforge3/envs/bhs_env/lib/python3.11/site-packages/pymc/sampling/forward.py", line 948, in sample_posterior_predictive
    values = sampler_fn(**param)
             ^^^^^^^^^^^^^^^^^^^
  File "/Users/user1/miniforge3/envs/bhs_env/lib/python3.11/site-packages/pymc/util.py", line 441, in wrapped
    return core_function(**input_point)
           ^^^^^^^^^^^^^^^^^^^^^^^^^^^^
  File "/Users/user1/miniforge3/envs/bhs_env/lib/python3.11/site-packages/pytensor/compile/function/types.py", line 985, in __call__
    self[k] = arg
    ~~~~^^^
  File "/Users/user1/miniforge3/envs/bhs_env/lib/python3.11/site-packages/pytensor/compile/function/types.py", line 637, in __setitem__
    self.value[item] = value
    ~~~~~~~~~~^^^^^^
  File "/Users/user1/miniforge3/envs/bhs_env/lib/python3.11/site-packages/pytensor/compile/function/types.py", line 567, in __setitem__
    s.value = value
    ^^^^^^^
  File "/Users/user1/miniforge3/envs/bhs_env/lib/python3.11/site-packages/pytensor/link/basic.py", line 106, in __set__
    self.storage[0] = self.type.filter(value, **kwargs)
                      ^^^^^^^^^^^^^^^^^^^^^^^^^^^^^^^^^
  File "/Users/user1/miniforge3/envs/bhs_env/lib/python3.11/site-packages/pytensor/tensor/type.py", line 269, in filter
    raise TypeError(
TypeError: ("The type's shape ((52,)) is not compatible with the data's ((22,))", 'Container name "u_rotated_log_var_f"')
